<?xml version="1.0" encoding="UTF-8"?>
<testsuite xmlns:xsi="http://www.w3.org/2001/XMLSchema-instance" xsi:noNamespaceSchemaLocation="https://maven.apache.org/surefire/maven-surefire-plugin/xsd/surefire-test-report-3.0.xsd" version="3.0" name="scenarios.productTest" time="8.432" tests="5" errors="0" skipped="0" failures="0">
  <properties>
    <property name="java.specification.version" value="23"/>
    <property name="sun.cpu.isalist" value="amd64"/>
    <property name="sun.jnu.encoding" value="Cp1252"/>
    <property name="java.class.path" value="C:\Users\Igor\restassuredexercise\target\test-classes;C:\Users\Igor\restassuredexercise\target\classes;C:\Users\Igor\.m2\repository\org\testng\testng\7.4.0\testng-7.4.0.jar;C:\Users\Igor\.m2\repository\com\beust\jcommander\1.78\jcommander-1.78.jar;C:\Users\Igor\.m2\repository\org\webjars\jquery\3.5.1\jquery-3.5.1.jar;C:\Users\Igor\.m2\repository\io\rest-assured\rest-assured\5.4.0\rest-assured-5.4.0.jar;C:\Users\Igor\.m2\repository\org\apache\groovy\groovy\4.0.16\groovy-4.0.16.jar;C:\Users\Igor\.m2\repository\org\apache\groovy\groovy-xml\4.0.16\groovy-xml-4.0.16.jar;C:\Users\Igor\.m2\repository\org\apache\httpcomponents\httpclient\4.5.13\httpclient-4.5.13.jar;C:\Users\Igor\.m2\repository\org\apache\httpcomponents\httpcore\4.4.13\httpcore-4.4.13.jar;C:\Users\Igor\.m2\repository\commons-logging\commons-logging\1.2\commons-logging-1.2.jar;C:\Users\Igor\.m2\repository\commons-codec\commons-codec\1.11\commons-codec-1.11.jar;C:\Users\Igor\.m2\repository\org\apache\httpcomponents\httpmime\4.5.13\httpmime-4.5.13.jar;C:\Users\Igor\.m2\repository\org\hamcrest\hamcrest\2.2\hamcrest-2.2.jar;C:\Users\Igor\.m2\repository\org\ccil\cowan\tagsoup\tagsoup\1.2.1\tagsoup-1.2.1.jar;C:\Users\Igor\.m2\repository\io\rest-assured\json-path\5.4.0\json-path-5.4.0.jar;C:\Users\Igor\.m2\repository\org\apache\groovy\groovy-json\4.0.16\groovy-json-4.0.16.jar;C:\Users\Igor\.m2\repository\io\rest-assured\rest-assured-common\5.4.0\rest-assured-common-5.4.0.jar;C:\Users\Igor\.m2\repository\io\rest-assured\xml-path\5.4.0\xml-path-5.4.0.jar;C:\Users\Igor\.m2\repository\org\apache\commons\commons-lang3\3.11\commons-lang3-3.11.jar;C:\Users\Igor\.m2\repository\org\json\json\20210307\json-20210307.jar;C:\Users\Igor\.m2\repository\com\fasterxml\jackson\core\jackson-databind\2.15.0\jackson-databind-2.15.0.jar;C:\Users\Igor\.m2\repository\com\fasterxml\jackson\core\jackson-annotations\2.15.0\jackson-annotations-2.15.0.jar;C:\Users\Igor\.m2\repository\com\fasterxml\jackson\core\jackson-core\2.15.0\jackson-core-2.15.0.jar;C:\Users\Igor\.m2\repository\io\cucumber\cucumber-java\5.2.0\cucumber-java-5.2.0.jar;C:\Users\Igor\.m2\repository\io\cucumber\cucumber-core\5.2.0\cucumber-core-5.2.0.jar;C:\Users\Igor\.m2\repository\io\cucumber\cucumber-gherkin\5.2.0\cucumber-gherkin-5.2.0.jar;C:\Users\Igor\.m2\repository\io\cucumber\cucumber-gherkin-vintage\5.2.0\cucumber-gherkin-vintage-5.2.0.jar;C:\Users\Igor\.m2\repository\io\cucumber\tag-expressions\2.0.4\tag-expressions-2.0.4.jar;C:\Users\Igor\.m2\repository\io\cucumber\cucumber-expressions\8.3.1\cucumber-expressions-8.3.1.jar;C:\Users\Igor\.m2\repository\io\cucumber\datatable\3.3.0\datatable-3.3.0.jar;C:\Users\Igor\.m2\repository\io\cucumber\cucumber-plugin\5.2.0\cucumber-plugin-5.2.0.jar;C:\Users\Igor\.m2\repository\io\cucumber\docstring\5.2.0\docstring-5.2.0.jar;C:\Users\Igor\.m2\repository\org\apiguardian\apiguardian-api\1.1.0\apiguardian-api-1.1.0.jar;C:\Users\Igor\.m2\repository\io\cucumber\cucumber-jvm-deps\1.0.6\cucumber-jvm-deps-1.0.6.jar;C:\Users\Igor\.m2\repository\io\cucumber\cucumber-junit\5.2.0\cucumber-junit-5.2.0.jar;C:\Users\Igor\.m2\repository\junit\junit\4.13\junit-4.13.jar;C:\Users\Igor\.m2\repository\org\hamcrest\hamcrest-core\1.3\hamcrest-core-1.3.jar;"/>
    <property name="java.vm.vendor" value="Eclipse Adoptium"/>
    <property name="sun.arch.data.model" value="64"/>
    <property name="user.variant" value=""/>
    <property name="java.vendor.url" value="https://adoptium.net/"/>
    <property name="user.timezone" value="Asia/Jakarta"/>
    <property name="os.name" value="Windows 11"/>
    <property name="java.vm.specification.version" value="23"/>
    <property name="sun.java.launcher" value="SUN_STANDARD"/>
    <property name="user.country" value="ID"/>
    <property name="sun.boot.library.path" value="C:\Users\Igor\AppData\Roaming\Code\User\globalStorage\pleiades.java-extension-pack-jdk\java\latest\bin"/>
    <property name="sun.java.command" value="C:\Users\Igor\AppData\Local\Temp\surefire8538654781519205232\surefirebooter-20241207203733941_3.jar C:\Users\Igor\AppData\Local\Temp\surefire8538654781519205232 2024-12-07T20-37-33_778-jvmRun1 surefire-20241207203733941_1tmp surefire_0-20241207203733941_2tmp"/>
    <property name="jdk.debug" value="release"/>
    <property name="surefire.test.class.path" value="C:\Users\Igor\restassuredexercise\target\test-classes;C:\Users\Igor\restassuredexercise\target\classes;C:\Users\Igor\.m2\repository\org\testng\testng\7.4.0\testng-7.4.0.jar;C:\Users\Igor\.m2\repository\com\beust\jcommander\1.78\jcommander-1.78.jar;C:\Users\Igor\.m2\repository\org\webjars\jquery\3.5.1\jquery-3.5.1.jar;C:\Users\Igor\.m2\repository\io\rest-assured\rest-assured\5.4.0\rest-assured-5.4.0.jar;C:\Users\Igor\.m2\repository\org\apache\groovy\groovy\4.0.16\groovy-4.0.16.jar;C:\Users\Igor\.m2\repository\org\apache\groovy\groovy-xml\4.0.16\groovy-xml-4.0.16.jar;C:\Users\Igor\.m2\repository\org\apache\httpcomponents\httpclient\4.5.13\httpclient-4.5.13.jar;C:\Users\Igor\.m2\repository\org\apache\httpcomponents\httpcore\4.4.13\httpcore-4.4.13.jar;C:\Users\Igor\.m2\repository\commons-logging\commons-logging\1.2\commons-logging-1.2.jar;C:\Users\Igor\.m2\repository\commons-codec\commons-codec\1.11\commons-codec-1.11.jar;C:\Users\Igor\.m2\repository\org\apache\httpcomponents\httpmime\4.5.13\httpmime-4.5.13.jar;C:\Users\Igor\.m2\repository\org\hamcrest\hamcrest\2.2\hamcrest-2.2.jar;C:\Users\Igor\.m2\repository\org\ccil\cowan\tagsoup\tagsoup\1.2.1\tagsoup-1.2.1.jar;C:\Users\Igor\.m2\repository\io\rest-assured\json-path\5.4.0\json-path-5.4.0.jar;C:\Users\Igor\.m2\repository\org\apache\groovy\groovy-json\4.0.16\groovy-json-4.0.16.jar;C:\Users\Igor\.m2\repository\io\rest-assured\rest-assured-common\5.4.0\rest-assured-common-5.4.0.jar;C:\Users\Igor\.m2\repository\io\rest-assured\xml-path\5.4.0\xml-path-5.4.0.jar;C:\Users\Igor\.m2\repository\org\apache\commons\commons-lang3\3.11\commons-lang3-3.11.jar;C:\Users\Igor\.m2\repository\org\json\json\20210307\json-20210307.jar;C:\Users\Igor\.m2\repository\com\fasterxml\jackson\core\jackson-databind\2.15.0\jackson-databind-2.15.0.jar;C:\Users\Igor\.m2\repository\com\fasterxml\jackson\core\jackson-annotations\2.15.0\jackson-annotations-2.15.0.jar;C:\Users\Igor\.m2\repository\com\fasterxml\jackson\core\jackson-core\2.15.0\jackson-core-2.15.0.jar;C:\Users\Igor\.m2\repository\io\cucumber\cucumber-java\5.2.0\cucumber-java-5.2.0.jar;C:\Users\Igor\.m2\repository\io\cucumber\cucumber-core\5.2.0\cucumber-core-5.2.0.jar;C:\Users\Igor\.m2\repository\io\cucumber\cucumber-gherkin\5.2.0\cucumber-gherkin-5.2.0.jar;C:\Users\Igor\.m2\repository\io\cucumber\cucumber-gherkin-vintage\5.2.0\cucumber-gherkin-vintage-5.2.0.jar;C:\Users\Igor\.m2\repository\io\cucumber\tag-expressions\2.0.4\tag-expressions-2.0.4.jar;C:\Users\Igor\.m2\repository\io\cucumber\cucumber-expressions\8.3.1\cucumber-expressions-8.3.1.jar;C:\Users\Igor\.m2\repository\io\cucumber\datatable\3.3.0\datatable-3.3.0.jar;C:\Users\Igor\.m2\repository\io\cucumber\cucumber-plugin\5.2.0\cucumber-plugin-5.2.0.jar;C:\Users\Igor\.m2\repository\io\cucumber\docstring\5.2.0\docstring-5.2.0.jar;C:\Users\Igor\.m2\repository\org\apiguardian\apiguardian-api\1.1.0\apiguardian-api-1.1.0.jar;C:\Users\Igor\.m2\repository\io\cucumber\cucumber-jvm-deps\1.0.6\cucumber-jvm-deps-1.0.6.jar;C:\Users\Igor\.m2\repository\io\cucumber\cucumber-junit\5.2.0\cucumber-junit-5.2.0.jar;C:\Users\Igor\.m2\repository\junit\junit\4.13\junit-4.13.jar;C:\Users\Igor\.m2\repository\org\hamcrest\hamcrest-core\1.3\hamcrest-core-1.3.jar;"/>
    <property name="sun.cpu.endian" value="little"/>
    <property name="user.home" value="C:\Users\Igor"/>
    <property name="user.language" value="en"/>
    <property name="java.specification.vendor" value="Oracle Corporation"/>
    <property name="java.version.date" value="2024-10-15"/>
    <property name="java.home" value="C:\Users\Igor\AppData\Roaming\Code\User\globalStorage\pleiades.java-extension-pack-jdk\java\latest"/>
    <property name="file.separator" value="\"/>
    <property name="basedir" value="C:\Users\Igor\restassuredexercise"/>
    <property name="java.vm.compressedOopsMode" value="Zero based"/>
    <property name="line.separator" value="&#10;"/>
    <property name="java.vm.specification.vendor" value="Oracle Corporation"/>
    <property name="java.specification.name" value="Java Platform API Specification"/>
    <property name="surefire.real.class.path" value="C:\Users\Igor\AppData\Local\Temp\surefire8538654781519205232\surefirebooter-20241207203733941_3.jar"/>
    <property name="user.script" value=""/>
    <property name="sun.management.compiler" value="HotSpot 64-Bit Tiered Compilers"/>
    <property name="java.runtime.version" value="23.0.1+11"/>
    <property name="user.name" value="Igor"/>
    <property name="stdout.encoding" value="UTF-8"/>
    <property name="path.separator" value=";"/>
    <property name="os.version" value="10.0"/>
    <property name="java.runtime.name" value="OpenJDK Runtime Environment"/>
    <property name="file.encoding" value="UTF-8"/>
    <property name="java.vm.name" value="OpenJDK 64-Bit Server VM"/>
    <property name="java.vendor.version" value="Temurin-23.0.1+11"/>
    <property name="localRepository" value="C:\Users\Igor\.m2\repository"/>
    <property name="java.vendor.url.bug" value="https://github.com/adoptium/adoptium-support/issues"/>
    <property name="java.io.tmpdir" value="C:\Users\Igor\AppData\Local\Temp\"/>
    <property name="java.version" value="23.0.1"/>
    <property name="user.dir" value="C:\Users\Igor\restassuredexercise"/>
    <property name="os.arch" value="amd64"/>
    <property name="java.vm.specification.name" value="Java Virtual Machine Specification"/>
    <property name="sun.os.patch.level" value=""/>
    <property name="native.encoding" value="Cp1252"/>
    <property name="java.library.path" value="C:\Users\Igor\AppData\Roaming\Code\User\globalStorage\pleiades.java-extension-pack-jdk\java\latest\bin;C:\windows\Sun\Java\bin;C:\windows\system32;C:\windows;C:\Users\Igor\AppData\Roaming\Code\User\globalStorage\pleiades.java-extension-pack-jdk\gradle\latest\bin;C:\Users\Igor\AppData\Roaming\Code\User\globalStorage\pleiades.java-extension-pack-jdk\maven\latest\bin;C:\Users\Igor\AppData\Roaming\Code\User\globalStorage\pleiades.java-extension-pack-jdk\java\latest\bin;C:\Program Files\Python312\Scripts\;C:\Program Files\Python312\;C:\Program Files\Common Files\Oracle\Java\javapath;C:\windows\system32;C:\windows;C:\windows\System32\Wbem;C:\windows\System32\WindowsPowerShell\v1.0\;C:\windows\System32\OpenSSH\;C:\Program Files\Git\cmd;C:\Program Files\HP\HP One Agent;C:\Program Files\Java\jdk-22\bin;C:\Program Files\nodejs\;C:\Program Files\k6\;C:\Users\Igor\AppData\Local\Microsoft\WindowsApps;C:\Users\Igor\AppData\Roaming\npm;C:\Program Files\JetBrains\IntelliJ IDEA Community Edition 2024.1.4\bin;;C:\Users\Igor\AppData\Local\Programs\Microsoft VS Code\bin;."/>
    <property name="java.vm.info" value="mixed mode, sharing"/>
    <property name="stderr.encoding" value="UTF-8"/>
    <property name="java.vendor" value="Eclipse Adoptium"/>
    <property name="java.vm.version" value="23.0.1+11"/>
    <property name="sun.io.unicode.encoding" value="UnicodeLittle"/>
    <property name="java.class.version" value="67.0"/>
  </properties>
  <testcase name="AddNewProduct" classname="scenarios.productTest" time="3.529">
    <system-out><![CDATA[Request URI:	https://dummyjson.com/products/add
]]></system-out>
  </testcase>
  <testcase name="GetAllObjects" classname="scenarios.productTest" time="0.865">
    <system-out><![CDATA[Request URI:	https://dummyjson.com/products
]]></system-out>
  </testcase>
  <testcase name="UpdateProduct" classname="scenarios.productTest" time="0.784">
    <system-out><![CDATA[Request URI:	https://dummyjson.com/products/1
]]></system-out>
  </testcase>
  <testcase name="DeleteProduct" classname="scenarios.productTest" time="1.308">
    <system-out><![CDATA[Request URI:	https://dummyjson.com/products/1
]]></system-out>
  </testcase>
  <testcase name="GetASingleProduct" classname="scenarios.productTest" time="0.883">
    <system-out><![CDATA[Request URI:	https://dummyjson.com/products/195
]]></system-out>
  </testcase>
</testsuite>