<?xml version="1.0" encoding="UTF-8"?>
<!-- Generated by org.testng.reporters.JUnitReportReporter -->
<testsuite hostname="LAPTOP-AQ7KQFGQ" failures="0" tests="5" name="scenarios.productTest" time="7.377" errors="0" timestamp="2024-12-07T20:37:42 WIB" skipped="0">
  <testcase classname="scenarios.productTest" name="GetAllObjects" time="0.873"/>
  <system-out/>
  <testcase classname="scenarios.productTest" name="AddNewProduct" time="3.528"/>
  <system-out/>
  <testcase classname="scenarios.productTest" name="UpdateProduct" time="0.785"/>
  <system-out/>
  <testcase classname="scenarios.productTest" name="DeleteProduct" time="1.308"/>
  <system-out/>
  <testcase classname="scenarios.productTest" name="GetASingleProduct" time="0.883"/>
  <system-out/>
</testsuite> <!-- scenarios.productTest -->
